Arguments: 
  /usr/local/Cellar/node/15.12.0/bin/node /usr/local/Cellar/yarn/1.22.10/libexec/bin/yarn.js run lint:check

PATH: 
  /Users/janliphardt/.cabal/bin:/Users/janliphardt/.ghcup/bin:/usr/local/opt/openssl/bin:/usr/local/bin:/usr/bin:/bin:/usr/sbin:/sbin

Yarn version: 
  1.22.10

Node version: 
  15.12.0

Platform: 
  darwin x64

Trace: 
  SyntaxError: /Users/janliphardt/Documents/GitHub/optimism/packages/omgx/fraud-prover/package.json: Unexpected token } in JSON at position 1786
      at JSON.parse (<anonymous>)
      at /usr/local/Cellar/yarn/1.22.10/libexec/lib/cli.js:1625:59
      at Generator.next (<anonymous>)
      at step (/usr/local/Cellar/yarn/1.22.10/libexec/lib/cli.js:310:30)
      at /usr/local/Cellar/yarn/1.22.10/libexec/lib/cli.js:321:13

npm manifest: 
  {
    "name": "@omgx/fraud-prover",
    "version": "0.0.1",
    "private": true,
    "description": "Fraud Prover Service",
    "main": "dist/index",
    "types": "dist/index",
    "files": [
      "dist/index"
    ],
    "scripts": {
      "start": "node ./exec/run-fraud-prover.js",
      "build": "tsc -p ./tsconfig.build.json",
      "clean": "rimraf  dist/ ./tsconfig.build.tsbuildinfo",
      "lint": "yarn lint:fix && yarn lint:check",
      "lint:fix": "prettier --config .prettierrc.json --write \"{src,exec,test}/**/*.ts\"",
      "lint:check": "tslint --format stylish --project .",
      "build:contracts": "hardhat compile",
      "build:contracts:ovm": "hardhat compile --network omgx",
      "build:fraud": "yarn build:contracts && yarn build:contracts:ovm",
      "deploy": "yarn build:contracts && yarn build:contracts:ovm && hardhat --network omgx test"
    },
    "keywords": [
      "optimism",
      "ethereum",
      "fraud-prover"
    ],
    "homepage": "https://github.com/ethereum-optimism/optimism-monorepo/tree/master/packages/fraud-prover#readme",
    "license": "MIT",
    "author": "Optimism",
    "repository": {
      "type": "git",
      "url": "https://github.com/ethereum-optimism/optimism.git"
    },
    "dependencies": {
      "@eth-optimism/common-ts": "^0.1.2",
      "@eth-optimism/contracts": "^0.3.4",
      "@eth-optimism/core-utils": "^0.4.4",
      "@eth-optimism/hardhat-ovm": "^0.2.2",
      "@ethersproject/providers": "^5.0.21",
      "bcfg": "^0.1.6",
      "dotenv": "^8.2.0",
      "merkletreejs": "^0.2.18",
      "rlp": "^2.2.6",
      "ethers": "^5.1.4",
      "hardhat": "^2.2.1"
    },
    "devDependencies": {
      "prettier": "^2.2.1",
      "tslint": "^6.1.3",
      "tslint-config-prettier": "^1.18.0",
      "tslint-no-focused-test": "^0.5.0",
      "tslint-plugin-prettier": "^2.3.0",
      "merkle-patricia-tree": "^4.0.0",
    }
  }

yarn manifest: 
  No manifest

Lockfile: 
  No lockfile
