Arguments: 
  /usr/local/bin/node /usr/local/bin/yarn compile

PATH: 
  /Applications/Android Studio.app/Contents/jre/jdk/Contents/Home/bin:/Users/jesusmeza/Library/Android/sdk/platform-tools:/Users/jesusmeza/Library/Android/sdk/emulator:/Library/Frameworks/Python.framework/Versions/3.8/bin:/usr/local/bin:/usr/bin:/bin:/usr/sbin:/sbin:~/bin:/Library/Apple/usr/bin:/Applications/Android Studio.app/Contents/jre/jdk/Contents/Home/bin:/Users/jesusmeza/Library/Android/sdk/platform-tools:/Users/jesusmeza/Library/Android/sdk/emulator:/opt/miniconda3/bin:/opt/miniconda3/condabin:/Library/Frameworks/Python.framework/Versions/3.8/bin:/Users/jesusmeza/bin:/Users/jesusmeza/bin

Yarn version: 
  1.22.10

Node version: 
  14.17.0

Platform: 
  darwin x64

Trace: 
  SyntaxError: /Users/jesusmeza/Developer/omgx/optimism/omgx_examples/truffle/package.json: Unexpected token } in JSON at position 883
      at JSON.parse (<anonymous>)
      at /usr/local/lib/node_modules/yarn/lib/cli.js:1625:59
      at Generator.next (<anonymous>)
      at step (/usr/local/lib/node_modules/yarn/lib/cli.js:310:30)
      at /usr/local/lib/node_modules/yarn/lib/cli.js:321:13

npm manifest: 
  {
    "name": "@omgx/Truffle-ERC20-Example",
    "private": true,
    "version": "1.0.0-alpha.1",
    "description": "Example of using Optimistic Ethereum compiler & local Optimistic Ethereum nodes with Truffle to run a full ERC20 test suite",
    "scripts": {
      "clean": "rimraf build build-ovm",
      "compile": "truffle compile",
      "compile:ovm": "truffle compile --config truffle-config-ovm.js",
      "test:integration": "truffle test",
      "test:integration:ovm": "truffle test --network optimism --config truffle-config-ovm.js",
      "test:integration:omgx": "truffle test --network omgx_rinkeby --config truffle-config-ovm.js",
      "deploy": "truffle migrate --network ethereum --config truffle-config",
      "deploy:ovm": "truffle migrate --network optimism --config truffle-config-ovm.js",
      "deploy:omgx": "truffle migrate --network omgx_rinkeby --config truffle-config-ovm.js",
    },
    "keywords": [
      "optimism",
      "rollup",
      "optimistic",
      "ethereum",
      "truffle",
      "ovm",
      "example",
      "ERC20",
      "token"
    ],
    "homepage": "https://github.com/ethereum-optimism/Truffle-ERC20-Example#readme",
    "license": "MIT",
    "author": "Optimism PBC",
    "repository": {
      "type": "git",
      "url": "https://github.com/ethereum-optimism/Truffle-ERC20-Example.git"
    },
    "publishConfig": {
      "access": "public"
    },
    "dependencies": {
      "@eth-optimism/solc": "0.7.6-alpha.1",
      "@truffle/hdwallet-provider": "^1.4.0",
      "rimraf": "^3.0.2",
      "truffle": "^5.3.6"
    }
  }

yarn manifest: 
  No manifest

Lockfile: 
  No lockfile
